
*** Running vivado
    with args -log Top_s.vds -m64 -product Vivado -mode batch -messageDb vivado.pb -notrace -source Top_s.tcl



****** Vivado v2020.2 (64-bit)
  **** SW Build 3064766 on Wed Nov 18 09:12:45 MST 2020
  **** IP Build 3064653 on Wed Nov 18 14:17:31 MST 2020
    ** Copyright 1986-2020 Xilinx, Inc. All Rights Reserved.

source Top_s.tcl -notrace
Command: synth_design -top Top_s -part xc7a35tcpg236-1
Starting synth_design
Attempting to get a license for feature 'Synthesis' and/or device 'xc7a35t'
INFO: [Common 17-349] Got license for feature 'Synthesis' and/or device 'xc7a35t'
INFO: [Device 21-403] Loading part xc7a35tcpg236-1
INFO: [Synth 8-7079] Multithreading enabled for synth_design using a maximum of 2 processes.
INFO: [Synth 8-7078] Launching helper process for spawning children vivado processes
INFO: [Synth 8-7075] Helper process launched with PID 17064
---------------------------------------------------------------------------------
Starting RTL Elaboration : Time (s): cpu = 00:00:03 ; elapsed = 00:00:04 . Memory (MB): peak = 1138.895 ; gain = 12.676
---------------------------------------------------------------------------------
INFO: [Synth 8-6157] synthesizing module 'Top_s' [C:/Users/squid/OneDrive/Documents/Vivado/2023/BinarytoBCD/BinarytoBCD.srcs/sources_1/new/Top_s.v:23]
INFO: [Synth 8-6157] synthesizing module 'BinarytoBCD_s' [C:/Users/squid/OneDrive/Documents/Vivado/2023/BinarytoBCD/BinarytoBCD.srcs/sources_1/new/BinarytoBCD_s.v:23]
INFO: [Synth 8-6155] done synthesizing module 'BinarytoBCD_s' (1#1) [C:/Users/squid/OneDrive/Documents/Vivado/2023/BinarytoBCD/BinarytoBCD.srcs/sources_1/new/BinarytoBCD_s.v:23]
INFO: [Synth 8-6157] synthesizing module 'Clk100Hz_s' [C:/Users/squid/OneDrive/Documents/Vivado/2023/BinarytoBCD/BinarytoBCD.srcs/sources_1/new/Clk100Hz_s.v:23]
INFO: [Synth 8-6155] done synthesizing module 'Clk100Hz_s' (2#1) [C:/Users/squid/OneDrive/Documents/Vivado/2023/BinarytoBCD/BinarytoBCD.srcs/sources_1/new/Clk100Hz_s.v:23]
INFO: [Synth 8-6157] synthesizing module 'Counter2Bit_s' [C:/Users/squid/OneDrive/Documents/Vivado/2023/BinarytoBCD/BinarytoBCD.srcs/sources_1/new/Counter2Bit_s.v:23]
INFO: [Synth 8-6155] done synthesizing module 'Counter2Bit_s' (3#1) [C:/Users/squid/OneDrive/Documents/Vivado/2023/BinarytoBCD/BinarytoBCD.srcs/sources_1/new/Counter2Bit_s.v:23]
INFO: [Synth 8-6157] synthesizing module 'Mux4to1_4Bit_s' [C:/Users/squid/OneDrive/Documents/Vivado/2023/BinarytoBCD/BinarytoBCD.srcs/sources_1/new/Mux4to1_4Bit_s.v:23]
INFO: [Synth 8-6155] done synthesizing module 'Mux4to1_4Bit_s' (4#1) [C:/Users/squid/OneDrive/Documents/Vivado/2023/BinarytoBCD/BinarytoBCD.srcs/sources_1/new/Mux4to1_4Bit_s.v:23]
INFO: [Synth 8-6157] synthesizing module 'Decoder2to4_s' [C:/Users/squid/OneDrive/Documents/Vivado/2023/BinarytoBCD/BinarytoBCD.srcs/sources_1/new/Decoder2to4_s.v:23]
INFO: [Synth 8-6155] done synthesizing module 'Decoder2to4_s' (5#1) [C:/Users/squid/OneDrive/Documents/Vivado/2023/BinarytoBCD/BinarytoBCD.srcs/sources_1/new/Decoder2to4_s.v:23]
INFO: [Synth 8-6157] synthesizing module 'SevSegDisp_s' [C:/Users/squid/OneDrive/Documents/Vivado/2023/BinarytoBCD/BinarytoBCD.srcs/sources_1/new/SevSegDisp_s.v:23]
INFO: [Synth 8-6155] done synthesizing module 'SevSegDisp_s' (6#1) [C:/Users/squid/OneDrive/Documents/Vivado/2023/BinarytoBCD/BinarytoBCD.srcs/sources_1/new/SevSegDisp_s.v:23]
INFO: [Synth 8-6155] done synthesizing module 'Top_s' (7#1) [C:/Users/squid/OneDrive/Documents/Vivado/2023/BinarytoBCD/BinarytoBCD.srcs/sources_1/new/Top_s.v:23]
---------------------------------------------------------------------------------
Finished RTL Elaboration : Time (s): cpu = 00:00:04 ; elapsed = 00:00:05 . Memory (MB): peak = 1190.949 ; gain = 64.730
---------------------------------------------------------------------------------
---------------------------------------------------------------------------------
Start Handling Custom Attributes
---------------------------------------------------------------------------------
---------------------------------------------------------------------------------
Finished Handling Custom Attributes : Time (s): cpu = 00:00:05 ; elapsed = 00:00:05 . Memory (MB): peak = 1190.949 ; gain = 64.730
---------------------------------------------------------------------------------
---------------------------------------------------------------------------------
Finished RTL Optimization Phase 1 : Time (s): cpu = 00:00:05 ; elapsed = 00:00:05 . Memory (MB): peak = 1190.949 ; gain = 64.730
---------------------------------------------------------------------------------
Netlist sorting complete. Time (s): cpu = 00:00:00 ; elapsed = 00:00:00.002 . Memory (MB): peak = 1190.949 ; gain = 0.000
INFO: [Project 1-570] Preparing netlist for logic optimization

Processing XDC Constraints
Initializing timing engine
Parsing XDC File [C:/Users/squid/OneDrive/Documents/Vivado/2023/BinarytoBCD/BinarytoBCD.srcs/constrs_1/new/constraints.xdc]
Finished Parsing XDC File [C:/Users/squid/OneDrive/Documents/Vivado/2023/BinarytoBCD/BinarytoBCD.srcs/constrs_1/new/constraints.xdc]
INFO: [Project 1-236] Implementation specific constraints were found while reading constraint file [C:/Users/squid/OneDrive/Documents/Vivado/2023/BinarytoBCD/BinarytoBCD.srcs/constrs_1/new/constraints.xdc]. These constraints will be ignored for synthesis but will be used in implementation. Impacted constraints are listed in the file [.Xil/Top_s_propImpl.xdc].
Resolution: To avoid this warning, move constraints listed in [.Xil/Top_s_propImpl.xdc] to another XDC file and exclude this new file from synthesis with the used_in_synthesis property (File Properties dialog in GUI) and re-run elaboration/synthesis.
Completed Processing XDC Constraints

Netlist sorting complete. Time (s): cpu = 00:00:00 ; elapsed = 00:00:00 . Memory (MB): peak = 1291.434 ; gain = 0.000
INFO: [Project 1-111] Unisim Transformation Summary:
No Unisim elements were transformed.

Constraint Validation Runtime : Time (s): cpu = 00:00:00 ; elapsed = 00:00:00.006 . Memory (MB): peak = 1291.434 ; gain = 0.000
---------------------------------------------------------------------------------
Finished Constraint Validation : Time (s): cpu = 00:00:10 ; elapsed = 00:00:10 . Memory (MB): peak = 1291.434 ; gain = 165.215
---------------------------------------------------------------------------------
---------------------------------------------------------------------------------
Start Loading Part and Timing Information
---------------------------------------------------------------------------------
Loading part: xc7a35tcpg236-1
---------------------------------------------------------------------------------
Finished Loading Part and Timing Information : Time (s): cpu = 00:00:10 ; elapsed = 00:00:10 . Memory (MB): peak = 1291.434 ; gain = 165.215
---------------------------------------------------------------------------------
---------------------------------------------------------------------------------
Start Applying 'set_property' XDC Constraints
---------------------------------------------------------------------------------
---------------------------------------------------------------------------------
Finished applying 'set_property' XDC Constraints : Time (s): cpu = 00:00:10 ; elapsed = 00:00:10 . Memory (MB): peak = 1291.434 ; gain = 165.215
---------------------------------------------------------------------------------
---------------------------------------------------------------------------------
Finished RTL Optimization Phase 2 : Time (s): cpu = 00:00:10 ; elapsed = 00:00:11 . Memory (MB): peak = 1291.434 ; gain = 165.215
---------------------------------------------------------------------------------
---------------------------------------------------------------------------------
Start RTL Component Statistics 
---------------------------------------------------------------------------------
Detailed RTL Component Info : 
+---Adders : 
	   2 Input   19 Bit       Adders := 1     
	   2 Input    4 Bit       Adders := 4     
	   2 Input    2 Bit       Adders := 1     
+---Registers : 
	               20 Bit    Registers := 1     
	                8 Bit    Registers := 1     
	                4 Bit    Registers := 7     
	                2 Bit    Registers := 1     
	                1 Bit    Registers := 1     
+---Muxes : 
	   2 Input   20 Bit        Muxes := 2     
	   2 Input    4 Bit        Muxes := 11    
	   4 Input    4 Bit        Muxes := 2     
---------------------------------------------------------------------------------
Finished RTL Component Statistics 
---------------------------------------------------------------------------------
---------------------------------------------------------------------------------
Start Part Resource Summary
---------------------------------------------------------------------------------
Part Resources:
DSPs: 90 (col length:60)
BRAMs: 100 (col length: RAMB18 60 RAMB36 30)
---------------------------------------------------------------------------------
Finished Part Resource Summary
---------------------------------------------------------------------------------
---------------------------------------------------------------------------------
Start Cross Boundary and Area Optimization
---------------------------------------------------------------------------------
---------------------------------------------------------------------------------
Finished Cross Boundary and Area Optimization : Time (s): cpu = 00:00:11 ; elapsed = 00:00:12 . Memory (MB): peak = 1291.434 ; gain = 165.215
---------------------------------------------------------------------------------
---------------------------------------------------------------------------------
Start Applying XDC Timing Constraints
---------------------------------------------------------------------------------
---------------------------------------------------------------------------------
Finished Applying XDC Timing Constraints : Time (s): cpu = 00:00:17 ; elapsed = 00:00:17 . Memory (MB): peak = 1291.434 ; gain = 165.215
---------------------------------------------------------------------------------
---------------------------------------------------------------------------------
Start Timing Optimization
---------------------------------------------------------------------------------
---------------------------------------------------------------------------------
Finished Timing Optimization : Time (s): cpu = 00:00:17 ; elapsed = 00:00:17 . Memory (MB): peak = 1291.434 ; gain = 165.215
---------------------------------------------------------------------------------
---------------------------------------------------------------------------------
Start Technology Mapping
---------------------------------------------------------------------------------
---------------------------------------------------------------------------------
Finished Technology Mapping : Time (s): cpu = 00:00:17 ; elapsed = 00:00:18 . Memory (MB): peak = 1311.523 ; gain = 185.305
---------------------------------------------------------------------------------
---------------------------------------------------------------------------------
Start IO Insertion
---------------------------------------------------------------------------------
---------------------------------------------------------------------------------
Start Flattening Before IO Insertion
---------------------------------------------------------------------------------
---------------------------------------------------------------------------------
Finished Flattening Before IO Insertion
---------------------------------------------------------------------------------
---------------------------------------------------------------------------------
Start Final Netlist Cleanup
---------------------------------------------------------------------------------
---------------------------------------------------------------------------------
Finished Final Netlist Cleanup
---------------------------------------------------------------------------------
---------------------------------------------------------------------------------
Finished IO Insertion : Time (s): cpu = 00:00:20 ; elapsed = 00:00:21 . Memory (MB): peak = 1311.523 ; gain = 185.305
---------------------------------------------------------------------------------
---------------------------------------------------------------------------------
Start Renaming Generated Instances
---------------------------------------------------------------------------------
---------------------------------------------------------------------------------
Finished Renaming Generated Instances : Time (s): cpu = 00:00:20 ; elapsed = 00:00:21 . Memory (MB): peak = 1311.523 ; gain = 185.305
---------------------------------------------------------------------------------
---------------------------------------------------------------------------------
Start Rebuilding User Hierarchy
---------------------------------------------------------------------------------
---------------------------------------------------------------------------------
Finished Rebuilding User Hierarchy : Time (s): cpu = 00:00:20 ; elapsed = 00:00:21 . Memory (MB): peak = 1311.523 ; gain = 185.305
---------------------------------------------------------------------------------
---------------------------------------------------------------------------------
Start Renaming Generated Ports
---------------------------------------------------------------------------------
---------------------------------------------------------------------------------
Finished Renaming Generated Ports : Time (s): cpu = 00:00:20 ; elapsed = 00:00:21 . Memory (MB): peak = 1311.523 ; gain = 185.305
---------------------------------------------------------------------------------
---------------------------------------------------------------------------------
Start Handling Custom Attributes
---------------------------------------------------------------------------------
---------------------------------------------------------------------------------
Finished Handling Custom Attributes : Time (s): cpu = 00:00:20 ; elapsed = 00:00:21 . Memory (MB): peak = 1311.523 ; gain = 185.305
---------------------------------------------------------------------------------
---------------------------------------------------------------------------------
Start Renaming Generated Nets
---------------------------------------------------------------------------------
---------------------------------------------------------------------------------
Finished Renaming Generated Nets : Time (s): cpu = 00:00:20 ; elapsed = 00:00:21 . Memory (MB): peak = 1311.523 ; gain = 185.305
---------------------------------------------------------------------------------
---------------------------------------------------------------------------------
Start Writing Synthesis Report
---------------------------------------------------------------------------------

Report BlackBoxes: 
+-+--------------+----------+
| |BlackBox name |Instances |
+-+--------------+----------+
+-+--------------+----------+

Report Cell Usage: 
+------+-------+------+
|      |Cell   |Count |
+------+-------+------+
|1     |BUFG   |     1|
|2     |CARRY4 |    10|
|3     |LUT1   |     3|
|4     |LUT2   |    17|
|5     |LUT3   |     3|
|6     |LUT4   |    13|
|7     |LUT5   |    16|
|8     |LUT6   |    14|
|9     |FDRE   |    66|
|10    |IBUF   |     9|
|11    |OBUF   |    11|
+------+-------+------+
---------------------------------------------------------------------------------
Finished Writing Synthesis Report : Time (s): cpu = 00:00:20 ; elapsed = 00:00:21 . Memory (MB): peak = 1311.523 ; gain = 185.305
---------------------------------------------------------------------------------
Synthesis finished with 0 errors, 0 critical warnings and 0 warnings.
Synthesis Optimization Runtime : Time (s): cpu = 00:00:14 ; elapsed = 00:00:19 . Memory (MB): peak = 1311.523 ; gain = 84.820
Synthesis Optimization Complete : Time (s): cpu = 00:00:20 ; elapsed = 00:00:21 . Memory (MB): peak = 1311.523 ; gain = 185.305
INFO: [Project 1-571] Translating synthesized netlist
Netlist sorting complete. Time (s): cpu = 00:00:00 ; elapsed = 00:00:00.002 . Memory (MB): peak = 1322.695 ; gain = 0.000
INFO: [Netlist 29-17] Analyzing 10 Unisim elements for replacement
INFO: [Netlist 29-28] Unisim Transformation completed in 0 CPU seconds
INFO: [Project 1-570] Preparing netlist for logic optimization
INFO: [Opt 31-138] Pushed 0 inverter(s) to 0 load pin(s).
Netlist sorting complete. Time (s): cpu = 00:00:00 ; elapsed = 00:00:00 . Memory (MB): peak = 1325.695 ; gain = 0.000
INFO: [Project 1-111] Unisim Transformation Summary:
No Unisim elements were transformed.

INFO: [Common 17-83] Releasing license: Synthesis
29 Infos, 0 Warnings, 0 Critical Warnings and 0 Errors encountered.
synth_design completed successfully
synth_design: Time (s): cpu = 00:00:25 ; elapsed = 00:00:27 . Memory (MB): peak = 1325.695 ; gain = 199.477
INFO: [Common 17-1381] The checkpoint 'C:/Users/squid/OneDrive/Documents/Vivado/2023/BinarytoBCD/BinarytoBCD.runs/synth_1/Top_s.dcp' has been generated.
INFO: [runtcl-4] Executing : report_utilization -file Top_s_utilization_synth.rpt -pb Top_s_utilization_synth.pb
INFO: [Common 17-206] Exiting Vivado at Thu Jan 26 22:41:08 2023...
